2025-11-30 12:12:10,003 - INFO - ================================================================================
2025-11-30 12:12:10,003 - INFO - StreamEast Scraper Started
2025-11-30 12:12:10,004 - INFO - ================================================================================
2025-11-30 12:12:16,805 - INFO - Launching browser...
2025-11-30 12:12:19,057 - INFO - Gathering event links from main page...
2025-11-30 12:12:19,057 - INFO - Navigating to https://xstreameast.com/categories/nba (attempt 1/3)
2025-11-30 12:12:20,543 - WARNING - Cloudflare challenge detected on https://xstreameast.com/categories/nba, waiting...
2025-11-30 12:12:23,556 - INFO - Navigating to https://xstreameast.com/categories/nba (attempt 2/3)
2025-11-30 12:12:23,907 - WARNING - Cloudflare challenge detected on https://xstreameast.com/categories/nba, waiting...
2025-11-30 12:12:27,913 - INFO - Navigating to https://xstreameast.com/categories/nba (attempt 3/3)
2025-11-30 12:12:28,267 - WARNING - Cloudflare challenge detected on https://xstreameast.com/categories/nba, waiting...
2025-11-30 12:12:33,272 - ERROR - Failed to load https://xstreameast.com/categories/nba after 3 attempts
2025-11-30 12:12:33,272 - ERROR - Failed to load main page
2025-11-30 12:12:33,277 - WARNING - No links found, exiting...
2025-11-30 12:12:36,104 - INFO - ================================================================================
2025-11-30 12:12:36,104 - INFO - Scraper completed in 26.10 seconds
2025-11-30 12:12:36,104 - INFO - ================================================================================
2025-11-30 12:15:59,266 - INFO - ================================================================================
2025-11-30 12:15:59,321 - INFO - ================================================================================
2025-11-30 12:16:02,503 - INFO - Gathering event links from category pages...
2025-11-30 12:16:02,503 - INFO - Fetching links from: https://xstreameast.com/categories/nba
2025-11-30 12:16:02,503 - INFO - Navigating to https://xstreameast.com/categories/nba (attempt 1/3)
2025-11-30 12:16:08,449 - WARNING - Cloudflare challenge detected, waiting...
2025-11-30 12:16:08,449 - INFO - Waiting for Cloudflare challenge...
2025-11-30 12:16:11,487 - INFO - Found 0 links from https://xstreameast.com/categories/nba
2025-11-30 12:16:13,489 - INFO - Fetching links from: https://xstreameast.com/categories/nfl
2025-11-30 12:16:13,490 - INFO - Navigating to https://xstreameast.com/categories/nfl (attempt 1/3)
2025-11-30 12:16:15,820 - WARNING - Cloudflare challenge detected, waiting...
2025-11-30 12:16:15,820 - INFO - Waiting for Cloudflare challenge...
2025-11-30 12:16:18,846 - INFO - Found 0 links from https://xstreameast.com/categories/nfl
2025-11-30 12:16:20,849 - INFO - Fetching links from: https://xstreameast.com/categories/mlb
2025-11-30 12:16:20,850 - INFO - Navigating to https://xstreameast.com/categories/mlb (attempt 1/3)
2025-11-30 12:16:23,165 - WARNING - Cloudflare challenge detected, waiting...
2025-11-30 12:16:23,165 - INFO - Waiting for Cloudflare challenge...
2025-11-30 12:16:26,190 - INFO - Found 0 links from https://xstreameast.com/categories/mlb
2025-11-30 12:16:28,200 - INFO - Fetching links from: https://xstreameast.com/categories/soccer
2025-11-30 12:16:28,200 - INFO - Navigating to https://xstreameast.com/categories/soccer (attempt 1/3)
2025-11-30 12:16:30,508 - WARNING - Cloudflare challenge detected, waiting...
2025-11-30 12:16:30,508 - INFO - Waiting for Cloudflare challenge...
2025-11-30 12:16:33,535 - INFO - Found 0 links from https://xstreameast.com/categories/soccer
2025-11-30 12:16:35,543 - INFO - Fetching links from: https://xstreameast.com/categories/ufc
2025-11-30 12:16:35,544 - INFO - Navigating to https://xstreameast.com/categories/ufc (attempt 1/3)
2025-11-30 12:16:37,852 - WARNING - Cloudflare challenge detected, waiting...
2025-11-30 12:16:37,853 - INFO - Waiting for Cloudflare challenge...
2025-11-30 12:16:40,874 - INFO - Found 0 links from https://xstreameast.com/categories/ufc
2025-11-30 12:16:44,201 - INFO - 
================================================================================
2025-11-30 12:16:44,204 - INFO - ================================================================================
